[2026-02-24 11:21:42:2968148][restartedMain] DEBUG o.s.w.s.m.m.a.RequestMappingHandlerMapping - 5 mappings in 'requestMappingHandlerMapping'
[2026-02-24 11:21:42:2968150][restartedMain] DEBUG o.s.w.s.h.SimpleUrlHandlerMapping - Patterns [/webjars/**, /**] in 'resourceHandlerMapping'
[2026-02-24 11:21:42:2968152][restartedMain] DEBUG o.s.w.s.m.m.a.RequestMappingHandlerAdapter - ControllerAdvice beans: 0 @ModelAttribute, 0 @InitBinder, 2 RequestBodyAdvice, 1 ResponseBodyAdvice
[2026-02-24 11:21:42:2968153][restartedMain] DEBUG o.s.w.s.m.m.a.ExceptionHandlerExceptionResolver - ControllerAdvice beans: 0 @ExceptionHandler, 1 ResponseBodyAdvice
[2026-02-24 11:23:52:3097711][restartedMain] DEBUG o.s.w.s.m.m.a.RequestMappingHandlerMapping - 5 mappings in 'requestMappingHandlerMapping'
[2026-02-24 11:23:52:3097712][restartedMain] DEBUG o.s.w.s.h.SimpleUrlHandlerMapping - Patterns [/webjars/**, /**] in 'resourceHandlerMapping'
[2026-02-24 11:23:52:3097713][restartedMain] DEBUG o.s.w.s.m.m.a.RequestMappingHandlerAdapter - ControllerAdvice beans: 0 @ModelAttribute, 0 @InitBinder, 2 RequestBodyAdvice, 1 ResponseBodyAdvice
[2026-02-24 11:23:52:3097714][restartedMain] DEBUG o.s.w.s.m.m.a.ExceptionHandlerExceptionResolver - ControllerAdvice beans: 0 @ExceptionHandler, 1 ResponseBodyAdvice
[2026-02-24 11:26:26:3251518][restartedMain] DEBUG o.s.w.s.m.m.a.RequestMappingHandlerMapping - 5 mappings in 'requestMappingHandlerMapping'
[2026-02-24 11:26:26:3251519][restartedMain] DEBUG o.s.w.s.h.SimpleUrlHandlerMapping - Patterns [/webjars/**, /**] in 'resourceHandlerMapping'
[2026-02-24 11:26:26:3251520][restartedMain] DEBUG o.s.w.s.m.m.a.RequestMappingHandlerAdapter - ControllerAdvice beans: 0 @ModelAttribute, 0 @InitBinder, 2 RequestBodyAdvice, 1 ResponseBodyAdvice
[2026-02-24 11:26:26:3251521][restartedMain] DEBUG o.s.w.s.m.m.a.ExceptionHandlerExceptionResolver - ControllerAdvice beans: 0 @ExceptionHandler, 1 ResponseBodyAdvice
[2026-02-24 11:40:47:459769][restartedMain] INFO  com.hana8.demo.DemoApplication - Starting DemoApplication using Java 21.0.9 with PID 75102 (/Users/hansoojeong/Documents/hana8/java/demo/build/classes/java/main started by hansoojeong in /Users/hansoojeong/Documents/hana8/java/demo)
[2026-02-24 11:40:47:459770][restartedMain] DEBUG com.hana8.demo.DemoApplication - Running with Spring Boot v4.0.3, Spring v7.0.5
[2026-02-24 11:40:47:459770][restartedMain] INFO  com.hana8.demo.DemoApplication - No active profile set, falling back to 1 default profile: "default"
[2026-02-24 11:40:47:459842][restartedMain] INFO  o.a.coyote.http11.Http11NioProtocol - Initializing ProtocolHandler ["http-nio-8080"]
[2026-02-24 11:40:47:459842][restartedMain] INFO  o.a.catalina.core.StandardService - Starting service [Tomcat]
[2026-02-24 11:40:47:459842][restartedMain] INFO  o.a.catalina.core.StandardEngine - Starting Servlet engine: [Apache Tomcat/11.0.18]
[2026-02-24 11:40:47:459879][restartedMain] INFO  o.a.coyote.http11.Http11NioProtocol - Starting ProtocolHandler ["http-nio-8080"]
[2026-02-24 11:40:47:459881][restartedMain] INFO  com.hana8.demo.DemoApplication - Started DemoApplication in 0.132 seconds (process running for 460.103)
[2026-02-24 14:12:28:243][restartedMain] INFO  com.hana8.demo.DemoApplication - Starting DemoApplication using Java 21.0.9 with PID 76318 (/Users/hansoojeong/Documents/hana8/java/demo/build/classes/java/main started by hansoojeong in /Users/hansoojeong/Documents/hana8/java/demo)
[2026-02-24 14:12:28:244][restartedMain] DEBUG com.hana8.demo.DemoApplication - Running with Spring Boot v4.0.3, Spring v7.0.5
[2026-02-24 14:12:28:245][restartedMain] INFO  com.hana8.demo.DemoApplication - No active profile set, falling back to 1 default profile: "default"
[2026-02-24 14:12:29:628][restartedMain] INFO  com.hana8.demo.DemoApplication - Started DemoApplication in 0.573 seconds (process running for 0.79)
[2026-02-24 14:13:59:91201][restartedMain] INFO  com.hana8.demo.DemoApplication - Starting DemoApplication using Java 21.0.9 with PID 76318 (/Users/hansoojeong/Documents/hana8/java/demo/build/classes/java/main started by hansoojeong in /Users/hansoojeong/Documents/hana8/java/demo)
[2026-02-24 14:13:59:91201][restartedMain] DEBUG com.hana8.demo.DemoApplication - Running with Spring Boot v4.0.3, Spring v7.0.5
[2026-02-24 14:13:59:91201][restartedMain] INFO  com.hana8.demo.DemoApplication - No active profile set, falling back to 1 default profile: "default"
[2026-02-24 14:13:59:91276][restartedMain] INFO  com.hana8.demo.DemoApplication - Started DemoApplication in 0.087 seconds (process running for 91.44)
[2026-02-24 14:15:32:183475][restartedMain] INFO  com.hana8.demo.DemoApplication - Starting DemoApplication using Java 21.0.9 with PID 76318 (/Users/hansoojeong/Documents/hana8/java/demo/build/classes/java/main started by hansoojeong in /Users/hansoojeong/Documents/hana8/java/demo)
[2026-02-24 14:15:32:183475][restartedMain] DEBUG com.hana8.demo.DemoApplication - Running with Spring Boot v4.0.3, Spring v7.0.5
[2026-02-24 14:15:32:183475][restartedMain] INFO  com.hana8.demo.DemoApplication - No active profile set, falling back to 1 default profile: "default"
[2026-02-24 14:15:32:183536][restartedMain] INFO  com.hana8.demo.DemoApplication - Started DemoApplication in 0.072 seconds (process running for 183.7)
[2026-02-24 14:16:46:257566][restartedMain] INFO  com.hana8.demo.DemoApplication - Starting DemoApplication using Java 21.0.9 with PID 76318 (/Users/hansoojeong/Documents/hana8/java/demo/build/classes/java/main started by hansoojeong in /Users/hansoojeong/Documents/hana8/java/demo)
[2026-02-24 14:16:46:257567][restartedMain] DEBUG com.hana8.demo.DemoApplication - Running with Spring Boot v4.0.3, Spring v7.0.5
[2026-02-24 14:16:46:257567][restartedMain] INFO  com.hana8.demo.DemoApplication - No active profile set, falling back to 1 default profile: "default"
[2026-02-24 14:16:46:257626][restartedMain] INFO  com.hana8.demo.DemoApplication - Started DemoApplication in 0.07 seconds (process running for 257.791)
[2026-02-24 14:17:35:306504][restartedMain] INFO  com.hana8.demo.DemoApplication - Starting DemoApplication using Java 21.0.9 with PID 76318 (/Users/hansoojeong/Documents/hana8/java/demo/build/classes/java/main started by hansoojeong in /Users/hansoojeong/Documents/hana8/java/demo)
[2026-02-24 14:17:35:306505][restartedMain] DEBUG com.hana8.demo.DemoApplication - Running with Spring Boot v4.0.3, Spring v7.0.5
[2026-02-24 14:17:35:306505][restartedMain] INFO  com.hana8.demo.DemoApplication - No active profile set, falling back to 1 default profile: "default"
[2026-02-24 14:17:35:306566][restartedMain] INFO  com.hana8.demo.DemoApplication - Started DemoApplication in 0.073 seconds (process running for 306.731)
[2026-02-24 14:18:29:360468][restartedMain] INFO  com.hana8.demo.DemoApplication - Starting DemoApplication using Java 21.0.9 with PID 76318 (/Users/hansoojeong/Documents/hana8/java/demo/build/classes/java/main started by hansoojeong in /Users/hansoojeong/Documents/hana8/java/demo)
[2026-02-24 14:18:29:360468][restartedMain] DEBUG com.hana8.demo.DemoApplication - Running with Spring Boot v4.0.3, Spring v7.0.5
[2026-02-24 14:18:29:360468][restartedMain] INFO  com.hana8.demo.DemoApplication - No active profile set, falling back to 1 default profile: "default"
[2026-02-24 14:18:29:360522][restartedMain] INFO  com.hana8.demo.DemoApplication - Started DemoApplication in 0.063 seconds (process running for 360.688)
[2026-02-24 14:20:32:483977][restartedMain] INFO  com.hana8.demo.DemoApplication - Starting DemoApplication using Java 21.0.9 with PID 76318 (/Users/hansoojeong/Documents/hana8/java/demo/build/classes/java/main started by hansoojeong in /Users/hansoojeong/Documents/hana8/java/demo)
[2026-02-24 14:20:32:483978][restartedMain] DEBUG com.hana8.demo.DemoApplication - Running with Spring Boot v4.0.3, Spring v7.0.5
[2026-02-24 14:20:32:483978][restartedMain] INFO  com.hana8.demo.DemoApplication - No active profile set, falling back to 1 default profile: "default"
[2026-02-24 14:20:32:484027][restartedMain] INFO  com.hana8.demo.DemoApplication - Started DemoApplication in 0.058 seconds (process running for 484.194)
[2026-02-24 14:21:05:516760][restartedMain] INFO  com.hana8.demo.DemoApplication - Starting DemoApplication using Java 21.0.9 with PID 76318 (/Users/hansoojeong/Documents/hana8/java/demo/build/classes/java/main started by hansoojeong in /Users/hansoojeong/Documents/hana8/java/demo)
[2026-02-24 14:21:05:516760][restartedMain] DEBUG com.hana8.demo.DemoApplication - Running with Spring Boot v4.0.3, Spring v7.0.5
[2026-02-24 14:21:05:516760][restartedMain] INFO  com.hana8.demo.DemoApplication - No active profile set, falling back to 1 default profile: "default"
[2026-02-24 14:21:05:516808][restartedMain] INFO  com.hana8.demo.DemoApplication - Started DemoApplication in 0.055 seconds (process running for 516.939)
[2026-02-24 14:22:00:571695][restartedMain] INFO  com.hana8.demo.DemoApplication - Starting DemoApplication using Java 21.0.9 with PID 76318 (/Users/hansoojeong/Documents/hana8/java/demo/build/classes/java/main started by hansoojeong in /Users/hansoojeong/Documents/hana8/java/demo)
[2026-02-24 14:22:00:571695][restartedMain] DEBUG com.hana8.demo.DemoApplication - Running with Spring Boot v4.0.3, Spring v7.0.5
[2026-02-24 14:22:00:571695][restartedMain] INFO  com.hana8.demo.DemoApplication - No active profile set, falling back to 1 default profile: "default"
[2026-02-24 14:22:00:571747][restartedMain] INFO  com.hana8.demo.DemoApplication - Started DemoApplication in 0.059 seconds (process running for 571.872)
[2026-02-24 14:22:01:573184][restartedMain] INFO  com.hana8.demo.DemoApplication - Starting DemoApplication using Java 21.0.9 with PID 76318 (/Users/hansoojeong/Documents/hana8/java/demo/build/classes/java/main started by hansoojeong in /Users/hansoojeong/Documents/hana8/java/demo)
[2026-02-24 14:22:01:573185][restartedMain] DEBUG com.hana8.demo.DemoApplication - Running with Spring Boot v4.0.3, Spring v7.0.5
[2026-02-24 14:22:01:573185][restartedMain] INFO  com.hana8.demo.DemoApplication - No active profile set, falling back to 1 default profile: "default"
[2026-02-24 14:22:01:573232][restartedMain] INFO  com.hana8.demo.DemoApplication - Started DemoApplication in 0.055 seconds (process running for 573.357)
[2026-02-24 14:22:50:622072][restartedMain] INFO  com.hana8.demo.DemoApplication - Starting DemoApplication using Java 21.0.9 with PID 76318 (/Users/hansoojeong/Documents/hana8/java/demo/build/classes/java/main started by hansoojeong in /Users/hansoojeong/Documents/hana8/java/demo)
[2026-02-24 14:22:50:622072][restartedMain] DEBUG com.hana8.demo.DemoApplication - Running with Spring Boot v4.0.3, Spring v7.0.5
[2026-02-24 14:22:50:622072][restartedMain] INFO  com.hana8.demo.DemoApplication - No active profile set, falling back to 1 default profile: "default"
[2026-02-24 14:22:50:622122][restartedMain] INFO  com.hana8.demo.DemoApplication - Started DemoApplication in 0.057 seconds (process running for 622.246)
[2026-02-24 14:23:17:648783][restartedMain] INFO  com.hana8.demo.DemoApplication - Starting DemoApplication using Java 21.0.9 with PID 76318 (/Users/hansoojeong/Documents/hana8/java/demo/build/classes/java/main started by hansoojeong in /Users/hansoojeong/Documents/hana8/java/demo)
[2026-02-24 14:23:17:648783][restartedMain] DEBUG com.hana8.demo.DemoApplication - Running with Spring Boot v4.0.3, Spring v7.0.5
[2026-02-24 14:23:17:648783][restartedMain] INFO  com.hana8.demo.DemoApplication - No active profile set, falling back to 1 default profile: "default"
[2026-02-24 14:23:17:648832][restartedMain] INFO  com.hana8.demo.DemoApplication - Started DemoApplication in 0.056 seconds (process running for 648.957)
[2026-02-24 14:24:33:724915][restartedMain] INFO  com.hana8.demo.DemoApplication - Starting DemoApplication using Java 21.0.9 with PID 76318 (/Users/hansoojeong/Documents/hana8/java/demo/build/classes/java/main started by hansoojeong in /Users/hansoojeong/Documents/hana8/java/demo)
[2026-02-24 14:24:33:724915][restartedMain] DEBUG com.hana8.demo.DemoApplication - Running with Spring Boot v4.0.3, Spring v7.0.5
[2026-02-24 14:24:33:724915][restartedMain] INFO  com.hana8.demo.DemoApplication - No active profile set, falling back to 1 default profile: "default"
[2026-02-24 14:24:33:724961][restartedMain] INFO  com.hana8.demo.DemoApplication - Started DemoApplication in 0.053 seconds (process running for 725.085)
[2026-02-24 14:24:59:750616][restartedMain] INFO  com.hana8.demo.DemoApplication - Starting DemoApplication using Java 21.0.9 with PID 76318 (/Users/hansoojeong/Documents/hana8/java/demo/build/classes/java/main started by hansoojeong in /Users/hansoojeong/Documents/hana8/java/demo)
[2026-02-24 14:24:59:750616][restartedMain] DEBUG com.hana8.demo.DemoApplication - Running with Spring Boot v4.0.3, Spring v7.0.5
[2026-02-24 14:24:59:750616][restartedMain] INFO  com.hana8.demo.DemoApplication - No active profile set, falling back to 1 default profile: "default"
[2026-02-24 14:24:59:750660][restartedMain] INFO  com.hana8.demo.DemoApplication - Started DemoApplication in 0.051 seconds (process running for 750.785)
[2026-02-24 14:25:07:759187][restartedMain] INFO  com.hana8.demo.DemoApplication - Starting DemoApplication using Java 21.0.9 with PID 76318 (/Users/hansoojeong/Documents/hana8/java/demo/build/classes/java/main started by hansoojeong in /Users/hansoojeong/Documents/hana8/java/demo)
[2026-02-24 14:25:07:759187][restartedMain] DEBUG com.hana8.demo.DemoApplication - Running with Spring Boot v4.0.3, Spring v7.0.5
[2026-02-24 14:25:07:759187][restartedMain] INFO  com.hana8.demo.DemoApplication - No active profile set, falling back to 1 default profile: "default"
[2026-02-24 14:25:07:759232][restartedMain] INFO  com.hana8.demo.DemoApplication - Started DemoApplication in 0.052 seconds (process running for 759.357)
[2026-02-24 14:25:43:794990][restartedMain] INFO  com.hana8.demo.DemoApplication - Starting DemoApplication using Java 21.0.9 with PID 76318 (/Users/hansoojeong/Documents/hana8/java/demo/build/classes/java/main started by hansoojeong in /Users/hansoojeong/Documents/hana8/java/demo)
[2026-02-24 14:25:43:794991][restartedMain] DEBUG com.hana8.demo.DemoApplication - Running with Spring Boot v4.0.3, Spring v7.0.5
[2026-02-24 14:25:43:794991][restartedMain] INFO  com.hana8.demo.DemoApplication - No active profile set, falling back to 1 default profile: "default"
[2026-02-24 14:25:43:795038][restartedMain] INFO  com.hana8.demo.DemoApplication - Started DemoApplication in 0.054 seconds (process running for 795.162)
[2026-02-24 14:27:09:880607][restartedMain] INFO  com.hana8.demo.DemoApplication - Starting DemoApplication using Java 21.0.9 with PID 76318 (/Users/hansoojeong/Documents/hana8/java/demo/build/classes/java/main started by hansoojeong in /Users/hansoojeong/Documents/hana8/java/demo)
[2026-02-24 14:27:09:880608][restartedMain] DEBUG com.hana8.demo.DemoApplication - Running with Spring Boot v4.0.3, Spring v7.0.5
[2026-02-24 14:27:09:880608][restartedMain] INFO  com.hana8.demo.DemoApplication - No active profile set, falling back to 1 default profile: "default"
[2026-02-24 14:27:09:880656][restartedMain] INFO  com.hana8.demo.DemoApplication - Started DemoApplication in 0.057 seconds (process running for 880.78)
[2026-02-24 14:27:45:917398][restartedMain] INFO  com.hana8.demo.DemoApplication - Starting DemoApplication using Java 21.0.9 with PID 76318 (/Users/hansoojeong/Documents/hana8/java/demo/build/classes/java/main started by hansoojeong in /Users/hansoojeong/Documents/hana8/java/demo)
[2026-02-24 14:27:45:917399][restartedMain] DEBUG com.hana8.demo.DemoApplication - Running with Spring Boot v4.0.3, Spring v7.0.5
[2026-02-24 14:27:45:917399][restartedMain] INFO  com.hana8.demo.DemoApplication - No active profile set, falling back to 1 default profile: "default"
[2026-02-24 14:27:46:917445][restartedMain] INFO  com.hana8.demo.DemoApplication - Started DemoApplication in 0.054 seconds (process running for 917.569)
[2026-02-24 14:27:51:922938][restartedMain] INFO  com.hana8.demo.DemoApplication - Starting DemoApplication using Java 21.0.9 with PID 76318 (/Users/hansoojeong/Documents/hana8/java/demo/build/classes/java/main started by hansoojeong in /Users/hansoojeong/Documents/hana8/java/demo)
[2026-02-24 14:27:51:922938][restartedMain] DEBUG com.hana8.demo.DemoApplication - Running with Spring Boot v4.0.3, Spring v7.0.5
[2026-02-24 14:27:51:922938][restartedMain] INFO  com.hana8.demo.DemoApplication - No active profile set, falling back to 1 default profile: "default"
[2026-02-24 14:27:51:922983][restartedMain] INFO  com.hana8.demo.DemoApplication - Started DemoApplication in 0.052 seconds (process running for 923.107)
[2026-02-24 14:28:32:963757][restartedMain] INFO  com.hana8.demo.DemoApplication - Starting DemoApplication using Java 21.0.9 with PID 76318 (/Users/hansoojeong/Documents/hana8/java/demo/build/classes/java/main started by hansoojeong in /Users/hansoojeong/Documents/hana8/java/demo)
[2026-02-24 14:28:32:963757][restartedMain] DEBUG com.hana8.demo.DemoApplication - Running with Spring Boot v4.0.3, Spring v7.0.5
[2026-02-24 14:28:32:963757][restartedMain] INFO  com.hana8.demo.DemoApplication - No active profile set, falling back to 1 default profile: "default"
[2026-02-24 14:28:32:963803][restartedMain] INFO  com.hana8.demo.DemoApplication - Started DemoApplication in 0.053 seconds (process running for 963.927)
[2026-02-24 14:29:01:992495][restartedMain] INFO  com.hana8.demo.DemoApplication - Starting DemoApplication using Java 21.0.9 with PID 76318 (/Users/hansoojeong/Documents/hana8/java/demo/build/classes/java/main started by hansoojeong in /Users/hansoojeong/Documents/hana8/java/demo)
[2026-02-24 14:29:01:992495][restartedMain] DEBUG com.hana8.demo.DemoApplication - Running with Spring Boot v4.0.3, Spring v7.0.5
[2026-02-24 14:29:01:992495][restartedMain] INFO  com.hana8.demo.DemoApplication - No active profile set, falling back to 1 default profile: "default"
[2026-02-24 14:29:01:992543][restartedMain] INFO  com.hana8.demo.DemoApplication - Started DemoApplication in 0.056 seconds (process running for 992.667)
[2026-02-24 14:29:03:995018][restartedMain] INFO  com.hana8.demo.DemoApplication - Starting DemoApplication using Java 21.0.9 with PID 76318 (/Users/hansoojeong/Documents/hana8/java/demo/build/classes/java/main started by hansoojeong in /Users/hansoojeong/Documents/hana8/java/demo)
[2026-02-24 14:29:03:995018][restartedMain] DEBUG com.hana8.demo.DemoApplication - Running with Spring Boot v4.0.3, Spring v7.0.5
[2026-02-24 14:29:03:995018][restartedMain] INFO  com.hana8.demo.DemoApplication - No active profile set, falling back to 1 default profile: "default"
[2026-02-24 14:29:03:995062][restartedMain] INFO  com.hana8.demo.DemoApplication - Started DemoApplication in 0.051 seconds (process running for 995.186)
[2026-02-24 14:30:21:1073134][restartedMain] INFO  com.hana8.demo.DemoApplication - Starting DemoApplication using Java 21.0.9 with PID 76318 (/Users/hansoojeong/Documents/hana8/java/demo/build/classes/java/main started by hansoojeong in /Users/hansoojeong/Documents/hana8/java/demo)
[2026-02-24 14:30:21:1073135][restartedMain] DEBUG com.hana8.demo.DemoApplication - Running with Spring Boot v4.0.3, Spring v7.0.5
[2026-02-24 14:30:21:1073135][restartedMain] INFO  com.hana8.demo.DemoApplication - No active profile set, falling back to 1 default profile: "default"
[2026-02-24 14:30:21:1073181][restartedMain] INFO  com.hana8.demo.DemoApplication - Started DemoApplication in 0.054 seconds (process running for 1073.305)
[2026-02-24 14:30:25:1076682][restartedMain] INFO  com.hana8.demo.DemoApplication - Starting DemoApplication using Java 21.0.9 with PID 76318 (/Users/hansoojeong/Documents/hana8/java/demo/build/classes/java/main started by hansoojeong in /Users/hansoojeong/Documents/hana8/java/demo)
[2026-02-24 14:30:25:1076682][restartedMain] DEBUG com.hana8.demo.DemoApplication - Running with Spring Boot v4.0.3, Spring v7.0.5
[2026-02-24 14:30:25:1076682][restartedMain] INFO  com.hana8.demo.DemoApplication - No active profile set, falling back to 1 default profile: "default"
[2026-02-24 14:30:25:1076728][restartedMain] INFO  com.hana8.demo.DemoApplication - Started DemoApplication in 0.052 seconds (process running for 1076.852)
[2026-02-24 14:30:53:208][restartedMain] INFO  com.hana8.demo.DemoApplication - Starting DemoApplication using Java 21.0.9 with PID 76775 (/Users/hansoojeong/Documents/hana8/java/demo/build/classes/java/main started by hansoojeong in /Users/hansoojeong/Documents/hana8/java/demo)
[2026-02-24 14:30:53:209][restartedMain] DEBUG com.hana8.demo.DemoApplication - Running with Spring Boot v4.0.3, Spring v7.0.5
[2026-02-24 14:30:53:209][restartedMain] INFO  com.hana8.demo.DemoApplication - No active profile set, falling back to 1 default profile: "default"
[2026-02-24 14:30:53:580][restartedMain] INFO  com.hana8.demo.DemoApplication - Started DemoApplication in 0.525 seconds (process running for 0.748)
[2026-02-24 14:31:55:219][restartedMain] INFO  com.hana8.demo.DemoApplication - Starting DemoApplication using Java 21.0.9 with PID 76792 (/Users/hansoojeong/Documents/hana8/java/demo/build/classes/java/main started by hansoojeong in /Users/hansoojeong/Documents/hana8/java/demo)
[2026-02-24 14:31:55:219][restartedMain] DEBUG com.hana8.demo.DemoApplication - Running with Spring Boot v4.0.3, Spring v7.0.5
[2026-02-24 14:31:55:220][restartedMain] INFO  com.hana8.demo.DemoApplication - No active profile set, falling back to 1 default profile: "default"
[2026-02-24 14:31:56:582][restartedMain] INFO  com.hana8.demo.DemoApplication - Started DemoApplication in 0.528 seconds (process running for 0.734)
[2026-02-24 14:32:41:45387][restartedMain] INFO  com.hana8.demo.DemoApplication - Starting DemoApplication using Java 21.0.9 with PID 76792 (/Users/hansoojeong/Documents/hana8/java/demo/build/classes/java/main started by hansoojeong in /Users/hansoojeong/Documents/hana8/java/demo)
[2026-02-24 14:32:41:45388][restartedMain] DEBUG com.hana8.demo.DemoApplication - Running with Spring Boot v4.0.3, Spring v7.0.5
[2026-02-24 14:32:41:45388][restartedMain] INFO  com.hana8.demo.DemoApplication - No active profile set, falling back to 1 default profile: "default"
[2026-02-24 14:32:41:45461][restartedMain] INFO  com.hana8.demo.DemoApplication - Started DemoApplication in 0.086 seconds (process running for 45.612)
[2026-02-24 14:34:22:146789][restartedMain] INFO  com.hana8.demo.DemoApplication - Starting DemoApplication using Java 21.0.9 with PID 76792 (/Users/hansoojeong/Documents/hana8/java/demo/build/classes/java/main started by hansoojeong in /Users/hansoojeong/Documents/hana8/java/demo)
[2026-02-24 14:34:22:146790][restartedMain] DEBUG com.hana8.demo.DemoApplication - Running with Spring Boot v4.0.3, Spring v7.0.5
[2026-02-24 14:34:22:146790][restartedMain] INFO  com.hana8.demo.DemoApplication - No active profile set, falling back to 1 default profile: "default"
[2026-02-24 14:34:22:146849][restartedMain] INFO  com.hana8.demo.DemoApplication - Started DemoApplication in 0.068 seconds (process running for 147.0)
[2026-02-24 14:37:30:334852][restartedMain] INFO  com.hana8.demo.DemoApplication - Starting DemoApplication using Java 21.0.9 with PID 76792 (/Users/hansoojeong/Documents/hana8/java/demo/build/classes/java/main started by hansoojeong in /Users/hansoojeong/Documents/hana8/java/demo)
[2026-02-24 14:37:30:334853][restartedMain] DEBUG com.hana8.demo.DemoApplication - Running with Spring Boot v4.0.3, Spring v7.0.5
[2026-02-24 14:37:30:334853][restartedMain] INFO  com.hana8.demo.DemoApplication - No active profile set, falling back to 1 default profile: "default"
[2026-02-24 14:37:30:334909][restartedMain] INFO  com.hana8.demo.DemoApplication - Started DemoApplication in 0.066 seconds (process running for 335.06)
[2026-02-24 14:37:33:338374][restartedMain] INFO  com.hana8.demo.DemoApplication - Starting DemoApplication using Java 21.0.9 with PID 76792 (/Users/hansoojeong/Documents/hana8/java/demo/build/classes/java/main started by hansoojeong in /Users/hansoojeong/Documents/hana8/java/demo)
[2026-02-24 14:37:33:338374][restartedMain] DEBUG com.hana8.demo.DemoApplication - Running with Spring Boot v4.0.3, Spring v7.0.5
[2026-02-24 14:37:33:338374][restartedMain] INFO  com.hana8.demo.DemoApplication - No active profile set, falling back to 1 default profile: "default"
[2026-02-24 14:37:34:338423][restartedMain] INFO  com.hana8.demo.DemoApplication - Started DemoApplication in 0.057 seconds (process running for 338.574)
[2026-02-24 16:25:16:242][restartedMain] INFO  com.hana8.demo.DemoApplication - Starting DemoApplication using Java 21.0.9 with PID 77688 (/Users/hansoojeong/Documents/hana8/java/demo/build/classes/java/main started by hansoojeong in /Users/hansoojeong/Documents/hana8/java/demo)
[2026-02-24 16:25:16:244][restartedMain] DEBUG com.hana8.demo.DemoApplication - Running with Spring Boot v4.0.3, Spring v7.0.5
[2026-02-24 16:25:16:244][restartedMain] INFO  com.hana8.demo.DemoApplication - No active profile set, falling back to 1 default profile: "default"
[2026-02-24 16:25:17:652][restartedMain] INFO  com.hana8.demo.DemoApplication - Started DemoApplication in 0.599 seconds (process running for 0.829)
